<?xml version="1.0" encoding="UTF-8"?>
<!-- Generated by org.testng.reporters.JUnitXMLReporter -->
<testsuite hostname="DESKTOP-EOECCVL" ignored="0" name="Default test" tests="3" failures="0" timestamp="12 Feb 2023 05:54:37 GMT" time="169.851" errors="0">
  <testcase name="FindtheRoute" time="59.269" classname="org.tests.Virtualmaze"/>
  <testcase name="ApplytoFresher" time="18.894" classname="org.tests.Virtualmaze"/>
  <testcase name="ApplytoExperience" time="18.709" classname="org.tests.Virtualmaze"/>
</testsuite> <!-- Default test -->
