<?xml version="1.0" encoding="UTF-8"?>
<testng-results skipped="0" failed="0" ignored="0" total="3" passed="3">
  <reporter-output>
  </reporter-output>
  <suite name="Default suite" duration-ms="169851" started-at="2023-02-12T05:51:46Z" finished-at="2023-02-12T05:54:36Z">
    <groups>
    </groups>
    <test name="Default test" duration-ms="169851" started-at="2023-02-12T05:51:46Z" finished-at="2023-02-12T05:54:36Z">
      <class name="org.tests.Virtualmaze">
        <test-method status="PASS" signature="setup()[pri:0, instance:org.tests.Virtualmaze@5e3a8624]" name="setup" is-config="true" duration-ms="18290" started-at="2023-02-12T11:21:46Z" finished-at="2023-02-12T11:22:04Z">
          <reporter-output>
          </reporter-output>
        </test-method> <!-- setup -->
        <test-method status="PASS" signature="beforeMethod()[pri:0, instance:org.tests.Virtualmaze@5e3a8624]" name="beforeMethod" is-config="true" duration-ms="35496" started-at="2023-02-12T11:22:05Z" finished-at="2023-02-12T11:22:40Z">
          <reporter-output>
          </reporter-output>
        </test-method> <!-- beforeMethod -->
        <test-method status="PASS" signature="FindtheRoute()[pri:1, instance:org.tests.Virtualmaze@5e3a8624]" name="FindtheRoute" duration-ms="59269" started-at="2023-02-12T11:22:40Z" finished-at="2023-02-12T11:23:39Z">
          <reporter-output>
          </reporter-output>
        </test-method> <!-- FindtheRoute -->
        <test-method status="PASS" signature="afterMethod(org.testng.ITestResult)[pri:0, instance:org.tests.Virtualmaze@5e3a8624]" name="afterMethod" is-config="true" duration-ms="1010" started-at="2023-02-12T11:23:39Z" finished-at="2023-02-12T11:23:40Z">
          <params>
            <param index="0">
              <value>
                <![CDATA[[TestResult name=FindtheRoute status=SUCCESS method=Virtualmaze.FindtheRoute()[pri:1, instance:org.tests.Virtualmaze@5e3a8624] output={null}]]]>
              </value>
            </param>
          </params>
          <reporter-output>
          </reporter-output>
        </test-method> <!-- afterMethod -->
        <test-method status="PASS" signature="beforeMethod()[pri:0, instance:org.tests.Virtualmaze@5e3a8624]" name="beforeMethod" is-config="true" duration-ms="11069" started-at="2023-02-12T11:23:40Z" finished-at="2023-02-12T11:23:51Z">
          <reporter-output>
          </reporter-output>
        </test-method> <!-- beforeMethod -->
        <test-method status="PASS" signature="ApplytoFresher()[pri:2, instance:org.tests.Virtualmaze@5e3a8624]" name="ApplytoFresher" duration-ms="18894" started-at="2023-02-12T11:23:51Z" finished-at="2023-02-12T11:24:10Z">
          <reporter-output>
          </reporter-output>
        </test-method> <!-- ApplytoFresher -->
        <test-method status="PASS" signature="afterMethod(org.testng.ITestResult)[pri:0, instance:org.tests.Virtualmaze@5e3a8624]" name="afterMethod" is-config="true" duration-ms="411" started-at="2023-02-12T11:24:10Z" finished-at="2023-02-12T11:24:11Z">
          <params>
            <param index="0">
              <value>
                <![CDATA[[TestResult name=ApplytoFresher status=SUCCESS method=Virtualmaze.ApplytoFresher()[pri:2, instance:org.tests.Virtualmaze@5e3a8624] output={null}]]]>
              </value>
            </param>
          </params>
          <reporter-output>
          </reporter-output>
        </test-method> <!-- afterMethod -->
        <test-method status="PASS" signature="beforeMethod()[pri:0, instance:org.tests.Virtualmaze@5e3a8624]" name="beforeMethod" is-config="true" duration-ms="3192" started-at="2023-02-12T11:24:11Z" finished-at="2023-02-12T11:24:14Z">
          <reporter-output>
          </reporter-output>
        </test-method> <!-- beforeMethod -->
        <test-method status="PASS" signature="ApplytoExperience()[pri:3, instance:org.tests.Virtualmaze@5e3a8624]" name="ApplytoExperience" duration-ms="18709" started-at="2023-02-12T11:24:14Z" finished-at="2023-02-12T11:24:33Z">
          <reporter-output>
          </reporter-output>
        </test-method> <!-- ApplytoExperience -->
        <test-method status="PASS" signature="afterMethod(org.testng.ITestResult)[pri:0, instance:org.tests.Virtualmaze@5e3a8624]" name="afterMethod" is-config="true" duration-ms="223" started-at="2023-02-12T11:24:33Z" finished-at="2023-02-12T11:24:33Z">
          <params>
            <param index="0">
              <value>
                <![CDATA[[TestResult name=ApplytoExperience status=SUCCESS method=Virtualmaze.ApplytoExperience()[pri:3, instance:org.tests.Virtualmaze@5e3a8624] output={null}]]]>
              </value>
            </param>
          </params>
          <reporter-output>
          </reporter-output>
        </test-method> <!-- afterMethod -->
        <test-method status="PASS" signature="tearDown()[pri:0, instance:org.tests.Virtualmaze@5e3a8624]" name="tearDown" is-config="true" duration-ms="2945" started-at="2023-02-12T11:24:33Z" finished-at="2023-02-12T11:24:36Z">
          <reporter-output>
          </reporter-output>
        </test-method> <!-- tearDown -->
      </class> <!-- org.tests.Virtualmaze -->
    </test> <!-- Default test -->
  </suite> <!-- Default suite -->
</testng-results>
